<?xml version="1.0" encoding="UTF-8"?>
<coverage generated="1740242309173" clover="3.2.0">
  <project timestamp="1740242309173" name="All files">
    <metrics statements="10" coveredstatements="8" conditionals="2" coveredconditionals="1" methods="3" coveredmethods="2" elements="15" coveredelements="11" complexity="0" loc="10" ncloc="10" packages="1" files="2" classes="2"/>
    <file name="app.js" path="/Users/mariojorge/Desktop/Projetos/git-actions/node-ci-pipeline/src/app.js">
      <metrics statements="9" coveredstatements="7" conditionals="2" coveredconditionals="1" methods="2" coveredmethods="1"/>
      <line num="1" count="1" type="stmt"/>
      <line num="2" count="1" type="stmt"/>
      <line num="3" count="1" type="stmt"/>
      <line num="5" count="1" type="stmt"/>
      <line num="6" count="1" type="stmt"/>
      <line num="9" count="1" type="stmt"/>
      <line num="11" count="1" type="cond" truecount="1" falsecount="1"/>
      <line num="12" count="0" type="stmt"/>
      <line num="13" count="0" type="stmt"/>
    </file>
    <file name="index.js" path="/Users/mariojorge/Desktop/Projetos/git-actions/node-ci-pipeline/src/index.js">
      <metrics statements="1" coveredstatements="1" conditionals="0" coveredconditionals="0" methods="1" coveredmethods="1"/>
      <line num="1" count="1" type="stmt"/>
    </file>
  </project>
</coverage>
